<?xml version="1.0" encoding="UTF-8"?>
<testsuite xmlns:xsi="http://www.w3.org/2001/XMLSchema-instance" xsi:noNamespaceSchemaLocation="https://maven.apache.org/surefire/maven-surefire-plugin/xsd/surefire-test-report-3.0.xsd" version="3.0" name="MovieTest" time="0.055" tests="4" errors="0" skipped="0" failures="0">
  <properties>
[...]
</properties>
  <testcase name="testSetAndGetMovieGenre" classname="MovieTest" time="0.028"/>
  <testcase name="testSetAndGetMovieTitle" classname="MovieTest" time="0.002"/>
  <testcase name="testSetAndGetMovieId" classname="MovieTest" time="0.001"/>
  <testcase name="testDefaultConstructor" classname="MovieTest" time="0.001"/>
</testsuite>